[02:36:53]: Engine ->> Window Initialized
[02:36:53]: Engine ->> Renderer Initialized
[02:36:56]: Game ->> ButtonDown
[02:36:56]: Game ->> KeyDown
[02:36:57]: Game ->> KeyDown
[02:36:57]: Game ->> KeyDown
[02:36:57]: Game ->> KeyDown
[02:36:57]: Game ->> KeyUp
[02:36:58]: Game ->> KeyUp
[02:36:58]: Game ->> KeyDown
[02:36:58]: Game ->> KeyDown
[02:36:59]: Game ->> KeyUp
[02:36:59]: Game ->> KeyDown
[02:36:59]: Game ->> KeyUp
[02:37:00]: Game ->> KeyUp
[02:37:00]: Game ->> KeyDown
[02:37:00]: Game ->> KeyDown
[02:37:00]: Game ->> KeyDown
[02:37:00]: Game ->> KeyDown
[02:37:00]: Game ->> KeyDown
[02:37:00]: Game ->> KeyDown
[02:37:00]: Game ->> KeyDown
[02:37:01]: Game ->> KeyDown
[02:37:01]: Game ->> KeyDown
[02:37:01]: Game ->> KeyDown
[02:37:01]: Game ->> KeyDown
[02:37:01]: Game ->> KeyDown
[02:37:01]: Game ->> KeyDown
[02:37:01]: Game ->> KeyDown
[02:37:01]: Game ->> KeyDown
[02:37:01]: Game ->> KeyDown
[02:37:01]: Game ->> KeyDown
[02:37:01]: Game ->> KeyDown
[02:37:01]: Game ->> KeyDown
[02:37:01]: Game ->> KeyDown
[02:37:01]: Game ->> KeyDown
[02:37:01]: Game ->> KeyDown
[02:37:01]: Game ->> KeyDown
[02:37:01]: Game ->> KeyDown
[02:37:01]: Game ->> KeyDown
[02:37:01]: Game ->> KeyDown
[02:37:01]: Game ->> KeyDown
[02:37:01]: Game ->> KeyDown
[02:37:01]: Game ->> KeyDown
[02:37:01]: Game ->> KeyDown
[02:37:01]: Game ->> KeyDown
[02:37:01]: Game ->> KeyDown
[02:37:01]: Game ->> KeyDown
[02:37:01]: Game ->> KeyDown
[02:37:01]: Game ->> KeyDown
[02:37:01]: Game ->> KeyUp
[02:37:02]: Game ->> KeyDown
[02:37:03]: Game ->> KeyDown
[02:37:03]: Game ->> KeyDown
[02:37:03]: Game ->> KeyDown
[02:37:03]: Game ->> KeyDown
[02:37:03]: Game ->> KeyDown
[02:37:03]: Game ->> KeyDown
[02:37:03]: Game ->> KeyDown
[02:37:03]: Game ->> KeyDown
[02:37:03]: Game ->> KeyDown
[02:37:03]: Game ->> KeyDown
[02:37:03]: Game ->> KeyDown
[02:37:03]: Game ->> KeyDown
[02:37:03]: Game ->> KeyDown
[02:37:03]: Game ->> KeyDown
[02:37:03]: Game ->> KeyDown
[02:37:03]: Game ->> KeyDown
[02:37:03]: Game ->> KeyDown
[02:37:03]: Game ->> KeyDown
[02:37:03]: Game ->> KeyDown
[02:37:03]: Game ->> KeyDown
[02:37:03]: Game ->> KeyDown
[02:37:03]: Game ->> KeyDown
[02:37:03]: Game ->> KeyDown
[02:37:03]: Game ->> KeyDown
[02:37:03]: Game ->> KeyDown
[02:37:04]: Game ->> KeyDown
[02:37:04]: Game ->> KeyDown
[02:37:04]: Game ->> KeyUp
[02:37:04]: Game ->> KeyDown
[02:37:04]: Game ->> KeyDown
[02:37:04]: Game ->> KeyDown
[02:37:04]: Game ->> KeyDown
[02:37:04]: Game ->> KeyDown
[02:37:04]: Game ->> KeyDown
[02:37:04]: Game ->> KeyDown
[02:37:04]: Game ->> KeyDown
[02:37:04]: Game ->> KeyDown
[02:37:04]: Game ->> KeyDown
[02:37:04]: Game ->> KeyDown
[02:37:04]: Game ->> KeyDown
[02:37:05]: Game ->> KeyDown
[02:37:05]: Game ->> KeyDown
[02:37:05]: Game ->> KeyDown
[02:37:05]: Game ->> KeyDown
[02:37:05]: Game ->> KeyDown
[02:37:05]: Game ->> KeyUp
[02:37:05]: Game ->> KeyDown
[02:37:05]: Game ->> KeyDown
[02:37:05]: Game ->> KeyDown
[02:37:05]: Game ->> KeyDown
[02:37:05]: Game ->> KeyDown
[02:37:05]: Game ->> KeyDown
[02:37:05]: Game ->> KeyDown
[02:37:05]: Game ->> KeyUp
[02:37:06]: Game ->> KeyDown
[02:37:06]: Game ->> KeyDown
[02:37:06]: Game ->> KeyDown
[02:37:06]: Game ->> KeyDown
[02:37:06]: Game ->> KeyDown
[02:37:06]: Game ->> KeyUp
[02:37:07]: Game ->> KeyUp
[02:37:07]: Game ->> KeyDown
[02:37:07]: Game ->> KeyDown
[02:37:07]: Game ->> KeyDown
[02:37:08]: Game ->> KeyDown
[02:37:08]: Game ->> KeyDown
[02:37:08]: Game ->> KeyDown
[02:37:08]: Game ->> KeyUp
[02:37:08]: Game ->> KeyDown
[02:37:08]: Game ->> KeyDown
[02:37:08]: Game ->> KeyUp
[02:37:10]: Game ->> KeyDown
[02:37:10]: Game ->> KeyDown
[02:37:10]: Game ->> KeyUp
[02:37:10]: Game ->> KeyUp
[02:37:11]: Game ->> KeyDown
[02:37:11]: Game ->> KeyDown
[02:37:11]: Game ->> KeyDown
[02:37:11]: Game ->> KeyDown
[02:37:11]: Game ->> KeyDown
[02:37:11]: Game ->> KeyDown
[02:37:11]: Game ->> KeyDown
[02:37:11]: Game ->> KeyDown
[02:37:11]: Game ->> KeyUp
[02:37:12]: Game ->> KeyDown
[02:37:12]: Game ->> KeyUp
[02:37:12]: Game ->> KeyDown
[02:37:12]: Game ->> KeyDown
[02:37:12]: Game ->> KeyDown
[02:37:13]: Game ->> KeyDown
[02:37:13]: Game ->> KeyDown
[02:37:13]: Game ->> KeyDown
[02:37:13]: Game ->> KeyDown
[02:37:13]: Game ->> KeyDown
[02:37:13]: Game ->> KeyDown
[02:37:13]: Game ->> KeyDown
[02:37:13]: Game ->> KeyDown
[02:37:13]: Game ->> KeyDown
[02:37:13]: Game ->> KeyDown
[02:37:13]: Game ->> KeyDown
[02:37:13]: Game ->> KeyDown
[02:37:13]: Game ->> KeyDown
[02:37:13]: Game ->> KeyDown
[02:37:13]: Game ->> KeyDown
[02:37:13]: Game ->> KeyDown
[02:37:13]: Game ->> KeyDown
[02:37:13]: Game ->> KeyDown
[02:37:13]: Game ->> KeyDown
[02:37:14]: Game ->> KeyDown
[02:37:14]: Game ->> KeyDown
[02:37:14]: Game ->> KeyUp
[02:37:14]: Game ->> KeyUp
[02:37:15]: Game ->> KeyDown
[02:37:15]: Game ->> KeyUp
[02:37:15]: Game ->> KeyDown
[02:37:15]: Game ->> KeyUp
[02:37:15]: Game ->> KeyDown
[02:37:16]: Game ->> KeyUp
[02:37:16]: Game ->> KeyDown
[02:37:16]: Game ->> KeyDown
[02:37:16]: Game ->> KeyDown
[02:37:16]: Game ->> KeyDown
[02:37:16]: Game ->> KeyDown
[02:37:16]: Game ->> KeyDown
[02:37:16]: Game ->> KeyDown
[02:37:16]: Game ->> KeyDown
[02:37:16]: Game ->> KeyDown
[02:37:16]: Game ->> KeyDown
[02:37:16]: Game ->> KeyDown
[02:37:16]: Game ->> KeyUp
[02:37:16]: Game ->> KeyDown
[02:37:17]: Game ->> KeyDown
[02:37:17]: Game ->> KeyDown
[02:37:17]: Game ->> KeyDown
[02:37:17]: Game ->> KeyDown
[02:37:17]: Game ->> KeyDown
[02:37:17]: Game ->> KeyUp
[02:37:17]: Game ->> KeyDown
[02:37:17]: Game ->> KeyUp
[02:37:17]: Game ->> KeyDown
[02:37:18]: Game ->> KeyUp
[02:37:18]: Game ->> KeyDown
[02:37:18]: Game ->> KeyUp
[02:37:18]: Game ->> KeyDown
[02:37:18]: Game ->> KeyUp
[02:37:18]: Game ->> KeyDown
[02:37:18]: Game ->> KeyDown
[02:37:18]: Game ->> KeyUp
[02:37:19]: Game ->> KeyUp
[02:37:21]: Game ->> KeyDown
[02:37:21]: Game ->> KeyDown
[02:37:21]: Game ->> KeyUp
[02:37:21]: Game ->> KeyUp
[02:37:23]: Game ->> KeyDown
[02:37:23]: Game ->> KeyUp
[02:37:23]: Game ->> KeyDown
[02:37:23]: Game ->> KeyUp
[02:37:23]: Game ->> KeyDown
[02:37:24]: Game ->> KeyDown
[02:37:24]: Game ->> KeyUp
[02:37:24]: Game ->> KeyDown
[02:37:24]: Game ->> KeyUp
[02:37:24]: Game ->> KeyUp
[02:37:24]: Game ->> KeyDown
[02:37:25]: Game ->> KeyUp
[02:37:25]: Game ->> KeyDown
[02:37:25]: Game ->> KeyUp
[02:37:25]: Game ->> KeyDown
[02:37:26]: Game ->> KeyDown
[02:37:26]: Game ->> KeyDown
[02:37:26]: Game ->> KeyDown
[02:37:26]: Game ->> KeyDown
[02:37:26]: Game ->> KeyDown
[02:37:26]: Game ->> KeyDown
[02:37:26]: Game ->> KeyDown
[02:37:26]: Game ->> KeyUp
[02:37:27]: Game ->> KeyUp
[02:37:27]: Game ->> KeyDown
[02:37:27]: Game ->> KeyDown
[02:37:27]: Game ->> KeyDown
[02:37:27]: Game ->> KeyDown
[02:37:28]: Game ->> KeyUp
[02:37:28]: Game ->> KeyDown
[02:37:29]: Game ->> KeyDown
[02:37:29]: Game ->> KeyDown
[02:37:29]: Game ->> KeyDown
[02:37:29]: Game ->> KeyUp
[02:37:29]: Game ->> KeyDown
[02:37:29]: Game ->> KeyUp
[02:37:29]: Game ->> KeyDown
[02:37:30]: Game ->> KeyUp
[02:37:30]: Game ->> KeyUp
[02:37:30]: Game ->> KeyDown
[02:37:30]: Game ->> KeyUp
[02:37:30]: Game ->> KeyDown
[02:37:30]: Game ->> KeyUp
[02:37:30]: Game ->> KeyDown
[02:37:31]: Game ->> KeyUp
[02:37:31]: Game ->> KeyDown
[02:37:31]: Game ->> KeyDown
[02:37:31]: Game ->> KeyUp
[02:37:31]: Game ->> KeyUp
[02:37:31]: Game ->> KeyDown
[02:37:31]: Game ->> KeyUp
[02:37:31]: Game ->> KeyDown
[02:37:31]: Game ->> KeyUp
[02:37:31]: Game ->> KeyDown
[02:37:31]: Game ->> KeyUp
[02:37:33]: Engine ->> Window Resize Call
[02:37:34]: Game ->> ButtonDown
[02:37:34]: Game ->> KeyDown
[02:37:34]: Game ->> KeyUp
[02:37:34]: Game ->> KeyDown
[02:37:35]: Game ->> KeyDown
[02:37:35]: Game ->> ButtonDown
[02:37:35]: Game ->> KeyDown
[02:37:35]: Game ->> KeyDown
[02:37:35]: Game ->> KeyDown
[02:37:35]: Game ->> KeyDown
[02:37:35]: Game ->> KeyUp
[02:37:36]: Game ->> KeyUp
[02:37:36]: Game ->> ButtonDown
[02:37:37]: Game ->> KeyDown
[02:37:37]: Game ->> KeyDown
[02:37:38]: Game ->> KeyDown
[02:37:38]: Game ->> KeyUp
[02:37:38]: Game ->> KeyDown
[02:37:38]: Game ->> KeyUp
[02:37:38]: Game ->> KeyDown
[02:37:38]: Game ->> KeyDown
[02:37:39]: Game ->> KeyDown
[02:37:39]: Game ->> KeyDown
[02:37:39]: Game ->> KeyDown
[02:37:39]: Game ->> KeyDown
[02:37:39]: Game ->> KeyDown
[02:37:39]: Game ->> KeyDown
[02:37:39]: Game ->> KeyDown
[02:37:39]: Game ->> KeyUp
[02:37:39]: Game ->> KeyUp
[02:37:39]: Game ->> KeyDown
[02:37:39]: Game ->> KeyDown
[02:37:39]: Game ->> KeyDown
[02:37:39]: Game ->> KeyDown
[02:37:39]: Game ->> KeyDown
[02:37:39]: Game ->> KeyDown
[02:37:40]: Game ->> KeyDown
[02:37:40]: Game ->> KeyDown
[02:37:40]: Game ->> KeyDown
[02:37:40]: Game ->> KeyDown
[02:37:40]: Game ->> KeyDown
[02:37:40]: Game ->> KeyDown
[02:37:40]: Game ->> KeyDown
[02:37:40]: Game ->> KeyDown
[02:37:40]: Game ->> KeyDown
[02:37:40]: Game ->> KeyDown
[02:37:40]: Game ->> KeyDown
[02:37:40]: Game ->> KeyDown
[02:37:40]: Game ->> KeyDown
[02:37:40]: Game ->> KeyUp
[02:37:41]: Game ->> KeyDown
[02:37:41]: Game ->> KeyDown
[02:37:41]: Game ->> KeyDown
[02:37:41]: Game ->> KeyDown
[02:37:41]: Game ->> KeyDown
[02:37:41]: Game ->> KeyDown
[02:37:41]: Game ->> KeyDown
[02:37:41]: Game ->> KeyDown
[02:37:41]: Game ->> KeyDown
[02:37:41]: Game ->> KeyDown
[02:37:41]: Game ->> KeyDown
[02:37:42]: Game ->> KeyDown
[02:37:42]: Game ->> KeyDown
[02:37:42]: Game ->> KeyDown
[02:37:42]: Game ->> KeyDown
[02:37:42]: Game ->> KeyDown
[02:37:42]: Game ->> KeyDown
[02:37:42]: Game ->> KeyDown
[02:37:42]: Game ->> KeyDown
[02:37:42]: Game ->> KeyUp
[02:37:42]: Game ->> KeyDown
[02:37:42]: Game ->> KeyUp
[02:37:42]: Game ->> KeyDown
[02:37:42]: Game ->> KeyUp
[02:37:43]: Game ->> KeyDown
[02:37:43]: Game ->> KeyDown
[02:37:43]: Game ->> KeyDown
[02:37:43]: Game ->> KeyDown
[02:37:43]: Game ->> KeyDown
[02:37:43]: Game ->> KeyDown
[02:37:43]: Game ->> KeyDown
[02:37:43]: Game ->> KeyDown
[02:37:43]: Game ->> KeyDown
[02:37:43]: Game ->> KeyDown
[02:37:43]: Game ->> KeyDown
[02:37:44]: Game ->> KeyDown
[02:37:44]: Game ->> KeyDown
[02:37:44]: Game ->> KeyDown
[02:37:44]: Game ->> KeyDown
[02:37:44]: Game ->> KeyDown
[02:37:44]: Game ->> KeyDown
[02:37:44]: Game ->> KeyDown
[02:37:44]: Game ->> KeyDown
[02:37:44]: Game ->> KeyDown
[02:37:44]: Game ->> KeyDown
[02:37:44]: Game ->> KeyDown
[02:37:44]: Game ->> KeyDown
[02:37:44]: Game ->> KeyDown
[02:37:44]: Game ->> KeyDown
[02:37:44]: Game ->> KeyDown
[02:37:44]: Game ->> KeyUp
[02:37:44]: Game ->> KeyDown
[02:37:44]: Game ->> KeyUp
[02:37:45]: Game ->> KeyDown
[02:37:45]: Game ->> KeyDown
[02:37:45]: Game ->> KeyUp
[02:37:45]: Game ->> KeyUp
[02:37:45]: Game ->> KeyDown
[02:37:46]: Game ->> KeyUp
[02:37:46]: Game ->> KeyDown
[02:37:46]: Game ->> KeyDown
[02:37:46]: Game ->> KeyDown
[02:37:46]: Game ->> KeyDown
[02:37:46]: Game ->> KeyDown
[02:37:47]: Game ->> KeyUp
[02:37:47]: Game ->> KeyDown
[02:37:47]: Game ->> KeyUp
[02:37:47]: Game ->> KeyDown
[02:37:47]: Game ->> KeyUp
[02:37:48]: Game ->> KeyDown
[02:37:48]: Game ->> KeyUp
[02:37:48]: Game ->> KeyDown
[02:37:49]: Game ->> KeyDown
[02:37:49]: Game ->> KeyDown
[02:37:49]: Game ->> KeyDown
[02:37:49]: Game ->> KeyUp
[02:37:49]: Game ->> KeyUp
[02:37:50]: Game ->> KeyDown
[02:37:50]: Game ->> KeyDown
[02:37:50]: Game ->> KeyUp
[02:37:50]: Game ->> KeyDown
[02:37:50]: Game ->> KeyUp
[02:37:50]: Game ->> KeyDown
[02:37:50]: Game ->> KeyUp
[02:37:51]: Game ->> KeyDown
[02:37:51]: Game ->> KeyDown
[02:37:51]: Game ->> KeyDown
[02:37:51]: Game ->> KeyUp
[02:37:52]: Game ->> KeyUp
[02:37:52]: Game ->> KeyDown
[02:37:52]: Game ->> KeyDown
[02:37:52]: Game ->> KeyDown
[02:37:52]: Game ->> KeyDown
[02:37:52]: Game ->> KeyDown
[02:37:52]: Game ->> KeyDown
[02:37:52]: Game ->> KeyDown
[02:37:53]: Game ->> KeyDown
[02:37:53]: Game ->> KeyDown
[02:37:53]: Game ->> KeyDown
[02:37:53]: Game ->> KeyDown
[02:37:53]: Game ->> KeyDown
[02:37:53]: Game ->> KeyDown
[02:37:53]: Game ->> KeyDown
[02:37:53]: Game ->> KeyDown
[02:37:53]: Game ->> KeyUp
[02:37:53]: Game ->> KeyDown
[02:37:53]: Game ->> KeyUp
[02:37:53]: Game ->> KeyUp
[02:37:53]: Game ->> KeyDown
[02:37:53]: Game ->> KeyDown
[02:37:54]: Game ->> KeyDown
[02:37:54]: Game ->> KeyDown
[02:37:54]: Game ->> KeyDown
[02:37:54]: Game ->> KeyDown
[02:37:54]: Game ->> KeyDown
[02:37:54]: Game ->> KeyDown
[02:37:54]: Game ->> KeyDown
[02:37:54]: Game ->> KeyUp
[02:37:54]: Game ->> KeyUp
[02:37:55]: Game ->> KeyDown
[02:37:55]: Game ->> KeyDown
[02:37:55]: Game ->> KeyUp
[02:37:55]: Game ->> KeyUp
[02:37:56]: Game ->> KeyDown
[02:37:56]: Game ->> KeyDown
[02:37:56]: Game ->> KeyUp
[02:37:57]: Game ->> KeyDown
[02:37:57]: Game ->> KeyDown
[02:37:57]: Game ->> KeyDown
[02:37:57]: Game ->> KeyDown
[02:37:57]: Game ->> KeyDown
[02:37:57]: Game ->> KeyDown
[02:37:57]: Game ->> KeyDown
[02:37:57]: Game ->> KeyDown
[02:37:57]: Game ->> KeyDown
[02:37:57]: Game ->> KeyDown
[02:37:57]: Game ->> KeyDown
[02:37:57]: Game ->> KeyDown
[02:37:57]: Game ->> KeyDown
[02:37:57]: Game ->> KeyDown
[02:37:58]: Game ->> KeyDown
[02:37:58]: Game ->> KeyDown
[02:37:58]: Game ->> KeyDown
[02:37:58]: Game ->> KeyDown
[02:37:58]: Game ->> KeyDown
[02:37:58]: Game ->> KeyDown
[02:37:58]: Game ->> KeyDown
[02:37:58]: Game ->> KeyDown
[02:37:58]: Game ->> KeyDown
[02:37:58]: Game ->> KeyDown
[02:37:58]: Game ->> KeyDown
[02:37:58]: Game ->> KeyDown
[02:37:58]: Game ->> KeyDown
[02:37:58]: Game ->> KeyUp
[02:37:58]: Game ->> KeyDown
[02:37:58]: Game ->> KeyUp
[02:37:59]: Game ->> KeyDown
[02:37:59]: Game ->> KeyDown
[02:37:59]: Game ->> KeyDown
[02:37:59]: Game ->> KeyDown
[02:37:59]: Game ->> KeyDown
[02:37:59]: Game ->> KeyDown
[02:37:59]: Game ->> KeyDown
[02:37:59]: Game ->> KeyDown
[02:37:59]: Game ->> KeyDown
[02:37:59]: Game ->> KeyDown
[02:37:59]: Game ->> KeyDown
[02:37:59]: Game ->> KeyDown
[02:37:59]: Game ->> KeyDown
[02:37:59]: Game ->> KeyDown
[02:37:59]: Game ->> KeyDown
[02:38:00]: Game ->> KeyDown
[02:38:00]: Game ->> KeyDown
[02:38:00]: Game ->> KeyDown
[02:38:00]: Game ->> KeyDown
[02:38:00]: Game ->> KeyUp
[02:38:00]: Game ->> KeyUp
[02:38:00]: Game ->> ButtonDown
[02:38:01]: Game ->> KeyDown
[02:38:01]: Game ->> KeyDown
[02:38:01]: Game ->> KeyDown
[02:38:01]: Game ->> KeyDown
[02:38:01]: Game ->> KeyDown
[02:38:01]: Game ->> KeyDown
[02:38:01]: Game ->> KeyDown
[02:38:01]: Game ->> KeyDown
[02:38:02]: Game ->> KeyDown
[02:38:02]: Game ->> KeyDown
[02:38:02]: Game ->> KeyDown
[02:38:02]: Game ->> KeyDown
[02:38:02]: Game ->> KeyDown
[02:38:02]: Game ->> KeyDown
[02:38:02]: Game ->> KeyDown
[02:38:02]: Game ->> KeyDown
[02:38:02]: Game ->> KeyDown
[02:38:02]: Game ->> KeyDown
[02:38:02]: Game ->> KeyDown
[02:38:02]: Game ->> KeyDown
[02:38:02]: Game ->> KeyDown
[02:38:02]: Game ->> KeyDown
[02:38:02]: Game ->> KeyDown
[02:38:02]: Game ->> KeyDown
[02:38:02]: Game ->> KeyDown
[02:38:02]: Game ->> KeyDown
[02:38:02]: Game ->> KeyDown
[02:38:02]: Game ->> KeyDown
[02:38:02]: Game ->> KeyDown
[02:38:02]: Game ->> KeyDown
[02:38:02]: Game ->> KeyDown
[02:38:02]: Game ->> KeyDown
[02:38:02]: Game ->> KeyDown
[02:38:02]: Game ->> KeyDown
[02:38:02]: Game ->> KeyDown
[02:38:02]: Game ->> KeyDown
[02:38:02]: Game ->> KeyDown
[02:38:02]: Game ->> KeyDown
[02:38:02]: Game ->> KeyDown
[02:38:03]: Game ->> KeyDown
[02:38:03]: Game ->> KeyDown
[02:38:03]: Game ->> KeyDown
[02:38:03]: Game ->> KeyDown
[02:38:03]: Game ->> KeyDown
[02:38:03]: Game ->> KeyUp
[02:38:03]: Game ->> KeyDown
[02:38:03]: Game ->> KeyDown
[02:38:03]: Game ->> KeyUp
[02:38:03]: Game ->> KeyDown
[02:38:03]: Game ->> KeyUp
[02:38:03]: Game ->> KeyDown
[02:38:03]: Game ->> KeyUp
[02:38:03]: Game ->> KeyDown
[02:38:04]: Game ->> KeyUp
[02:38:04]: Game ->> KeyUp
[02:38:07]: Engine ->> WindowClose
